{"C:\\Users\\User\\Desktop\\Netology\\ajs-homeworks\\4 pure\\src\\js\\app.js": {"path":"C:\\Users\\User\\Desktop\\Netology\\ajs-homeworks\\4 pure\\src\\js\\app.js","statementMap":{"0":{"start":{"line":2,"column":13},"end":{"line":2,"column":22}},"1":{"start":{"line":3,"column":2},"end":{"line":9,"column":3}},"2":{"start":{"line":4,"column":4},"end":{"line":4,"column":21}},"3":{"start":{"line":5,"column":9},"end":{"line":9,"column":3}},"4":{"start":{"line":6,"column":4},"end":{"line":6,"column":21}},"5":{"start":{"line":7,"column":9},"end":{"line":9,"column":3}},"6":{"start":{"line":8,"column":4},"end":{"line":8,"column":22}},"7":{"start":{"line":9,"column":4},"end":{"line":9,"column":16}}},"fnMap":{"0":{"name":"personage","decl":{"start":{"line":1,"column":24},"end":{"line":1,"column":33}},"loc":{"start":{"line":1,"column":46},"end":{"line":10,"column":1}},"line":1}},"branchMap":{"0":{"loc":{"start":{"line":3,"column":2},"end":{"line":9,"column":3}},"type":"if","locations":[{"start":{"line":3,"column":2},"end":{"line":9,"column":3}},{"start":{"line":5,"column":9},"end":{"line":9,"column":3}}],"line":3},"1":{"loc":{"start":{"line":5,"column":9},"end":{"line":9,"column":3}},"type":"if","locations":[{"start":{"line":5,"column":9},"end":{"line":9,"column":3}},{"start":{"line":7,"column":9},"end":{"line":9,"column":3}}],"line":5},"2":{"loc":{"start":{"line":5,"column":13},"end":{"line":5,"column":41}},"type":"binary-expr","locations":[{"start":{"line":5,"column":13},"end":{"line":5,"column":25}},{"start":{"line":5,"column":29},"end":{"line":5,"column":41}}],"line":5},"3":{"loc":{"start":{"line":7,"column":9},"end":{"line":9,"column":3}},"type":"if","locations":[{"start":{"line":7,"column":9},"end":{"line":9,"column":3}},{"start":{},"end":{}}],"line":7}},"s":{"0":3,"1":3,"2":1,"3":2,"4":1,"5":1,"6":1,"7":3},"f":{"0":3},"b":{"0":[1,2],"1":[1,1],"2":[2,2],"3":[1,0]},"_coverageSchema":"1a1c01bbd47fc00a2c39e90264f33305004495a9","hash":"b03ab7e22cb77f3ca1101173e7d3e0b1d37b17f3"}
}
