{"C:\\Users\\User\\Desktop\\Netology\\ajs-homeworks\\4 pure\\src\\js\\app.js": {"path":"C:\\Users\\User\\Desktop\\Netology\\ajs-homeworks\\4 pure\\src\\js\\app.js","statementMap":{"0":{"start":{"line":3,"column":15},"end":{"line":3,"column":24}},"1":{"start":{"line":5,"column":4},"end":{"line":13,"column":5}},"2":{"start":{"line":6,"column":8},"end":{"line":6,"column":25}},"3":{"start":{"line":8,"column":9},"end":{"line":13,"column":5}},"4":{"start":{"line":9,"column":8},"end":{"line":9,"column":24}},"5":{"start":{"line":11,"column":9},"end":{"line":13,"column":5}},"6":{"start":{"line":12,"column":9},"end":{"line":12,"column":27}},"7":{"start":{"line":14,"column":4},"end":{"line":14,"column":16}}},"fnMap":{"0":{"name":"personage","decl":{"start":{"line":2,"column":24},"end":{"line":2,"column":33}},"loc":{"start":{"line":2,"column":49},"end":{"line":15,"column":1}},"line":2}},"branchMap":{"0":{"loc":{"start":{"line":5,"column":4},"end":{"line":13,"column":5}},"type":"if","locations":[{"start":{"line":5,"column":4},"end":{"line":13,"column":5}},{"start":{"line":8,"column":9},"end":{"line":13,"column":5}}],"line":5},"1":{"loc":{"start":{"line":8,"column":9},"end":{"line":13,"column":5}},"type":"if","locations":[{"start":{"line":8,"column":9},"end":{"line":13,"column":5}},{"start":{"line":11,"column":9},"end":{"line":13,"column":5}}],"line":8},"2":{"loc":{"start":{"line":8,"column":13},"end":{"line":8,"column":41}},"type":"binary-expr","locations":[{"start":{"line":8,"column":13},"end":{"line":8,"column":25}},{"start":{"line":8,"column":29},"end":{"line":8,"column":41}}],"line":8},"3":{"loc":{"start":{"line":11,"column":9},"end":{"line":13,"column":5}},"type":"if","locations":[{"start":{"line":11,"column":9},"end":{"line":13,"column":5}},{"start":{},"end":{}}],"line":11}},"s":{"0":3,"1":3,"2":1,"3":2,"4":1,"5":1,"6":1,"7":3},"f":{"0":3},"b":{"0":[1,2],"1":[1,1],"2":[2,2],"3":[1,0]},"_coverageSchema":"1a1c01bbd47fc00a2c39e90264f33305004495a9","hash":"82ec2d8d5c156cf1d3facafa5f0fbd5ed9f4a073"}
}
